-------------------------------------------------------------------------------
Test set: com.udec.serviciosArchivo.ServiciosArchivoApplicationTests
-------------------------------------------------------------------------------
Tests run: 1, Failures: 0, Errors: 1, Skipped: 0, Time elapsed: 18.327 s <<< FAILURE! - in com.udec.serviciosArchivo.ServiciosArchivoApplicationTests
contextLoads  Time elapsed: 0 s  <<< ERROR!
java.lang.IllegalStateException: Failed to load ApplicationContext
Caused by: org.springframework.beans.factory.BeanCreationException: Error creating bean with name 'IAlumnoRepo': FactoryBean threw exception on object creation; nested exception is java.lang.IllegalArgumentException: Failed to create query for method public abstract com.udec.entity.Alumno com.udec.repository.IAlumnoRepo.findByIdentificacionDos(java.lang.String)! No property dos found for type String! Traversed path: Alumno.identificacion.
Caused by: java.lang.IllegalArgumentException: Failed to create query for method public abstract com.udec.entity.Alumno com.udec.repository.IAlumnoRepo.findByIdentificacionDos(java.lang.String)! No property dos found for type String! Traversed path: Alumno.identificacion.
Caused by: org.springframework.data.mapping.PropertyReferenceException: No property dos found for type String! Traversed path: Alumno.identificacion.

